<?xml version="1.0" encoding="UTF-8"?>
<!-- Generated by org.testng.reporters.JUnitReportReporter -->
<testsuite hostname="DESKTOP-BSK1J2J" failures="1" tests="1" name="stepsRunners.FailedTestRunner" time="10.405" errors="0" timestamp="2022-04-04T09:05:26 EDT" skipped="0">
  <testcase classname="stepsRunners.FailedTestRunner" name="runScenario" time="10.405">
    <failure message="expected [Beetroot] but found [No data]" type="java.lang.AssertionError">
      <![CDATA[java.lang.AssertionError: expected [Beetroot] but found [No data]
at org.testng.Assert.fail(Assert.java:99)
at org.testng.Assert.failNotEquals(Assert.java:1037)
at org.testng.Assert.assertEqualsImpl(Assert.java:140)
at org.testng.Assert.assertEquals(Assert.java:122)
at org.testng.Assert.assertEquals(Assert.java:629)
at org.testng.Assert.assertEquals(Assert.java:639)
at stepDefinitions.TopDealsStep.validate_product_name_in_Offers_page(TopDealsStep.java:52)
at ✽.validate product name in offers page matches with Landing Page(file:///C:/Users/Anikm/eclipse-workspace/CucumberTestNG_2022/src/test/java/features/SearchProducts.feature:8)
]]>
    </failure>
  </testcase> <!-- runScenario -->
  <system-out/>
</testsuite> <!-- stepsRunners.FailedTestRunner -->
